Running Gradle task 'assembleRelease'...                        
Checking the license for package Android SDK Build-Tools 30.0.3 in /usr/local/lib/android/sdk/licenses
License for package Android SDK Build-Tools 30.0.3 accepted.
Preparing "Install Android SDK Build-Tools 30.0.3 (revision: 30.0.3)".
"Install Android SDK Build-Tools 30.0.3 (revision: 30.0.3)" ready.
Installing Android SDK Build-Tools 30.0.3 in /usr/local/lib/android/sdk/build-tools/30.0.3
"Install Android SDK Build-Tools 30.0.3 (revision: 30.0.3)" complete.
"Install Android SDK Build-Tools 30.0.3 (revision: 30.0.3)" finished.
Font asset "MaterialIcons-Regular.otf" was tree-shaken, reducing it from 1645184 to 1664 bytes (99.9% reduction). Tree-shaking can be disabled by providing the --no-tree-shake-icons flag when building your app.
FAILURE: Build completed with 2 failures.
1: Task failed with an exception.
-----------
* What went wrong:
Execution failed for task ':app:processReleaseResources'.
> A failure occurred while executing com.android.build.gradle.internal.res.LinkApplicationAndroidResourcesTask$TaskAction
   > Android resource linking failed
     ERROR:/home/runner/work/Keyboard/Keyboard/android/app/src/main/res/font/sf_pro_text.xml:4: AAPT: error: 'sans-serif' is incompatible with attribute font (attr) reference.
* Try:
> Run with --stacktrace option to get the stack trace.
> Run with --info or --debug option to get more log output.
> Run with --scan to get full insights.
==============================================================================
2: Task failed with an exception.
-----------
* What went wrong:
Execution failed for task ':app:bundleReleaseResources'.
> A failure occurred while executing com.android.build.gradle.internal.res.Aapt2ProcessResourcesRunnable
   > Android resource linking failed
     ERROR:/home/runner/work/Keyboard/Keyboard/android/app/src/main/res/font/sf_pro_text.xml:4: AAPT: error: 'sans-serif' is incompatible with attribute font (attr) reference.
* Try:
> Run with --stacktrace option to get the stack trace.
> Run with --info or --debug option to get more log output.
> Run with --scan to get full insights.
==============================================================================
* Get more help at https://help.gradle.org
BUILD FAILED in 1m 39s
Running Gradle task 'assembleRelease'...                          100.5s
Gradle task assembleRelease failed with exit code 1
Error: Process completed with exit code 1.